This is pdfeTeX, Version 3.141592-1.20a-2.2 (Web2C 7.5.3) (format=latex 2004.12.21)  14 JUL 2006 17:06
entering extended mode
**Wrapper.tex
(./Wrapper.tex
LaTeX2e <2003/12/01>
Babel <v3.8c> and hyphenation patterns for american, french, german, ngerman, d
utch, italian, norsk, portuges, spanish, swedish, nohyphenation, loaded.
(/usr/local/teTeX/share/texmf.tetex/tex/latex/base/report.cls
Document Class: report 2004/02/16 v1.4f Standard LaTeX document class
(/usr/local/teTeX/share/texmf.tetex/tex/latex/base/size12.clo
File: size12.clo 2004/02/16 v1.4f Standard LaTeX file (size option)
)
\c@part=\count79
\c@chapter=\count80
\c@section=\count81
\c@subsection=\count82
\c@subsubsection=\count83
\c@paragraph=\count84
\c@subparagraph=\count85
\c@figure=\count86
\c@table=\count87
\abovecaptionskip=\skip41
\belowcaptionskip=\skip42
\bibindent=\dimen102
)
(/usr/local/teTeX/share/texmf.tetex/tex/latex/geometry/geometry.sty
Package: geometry 2002/07/08 v3.2 Page Geometry

(/usr/local/teTeX/share/texmf.tetex/tex/latex/graphics/keyval.sty
Package: keyval 1999/03/16 v1.13 key=value parser (DPC)
\KV@toks@=\toks14
)
\Gm@cnth=\count88
\Gm@cntv=\count89
\c@Gm@tempcnt=\count90
\Gm@bindingoffset=\dimen103
\Gm@wd@mp=\dimen104
\Gm@odd@mp=\dimen105
\Gm@even@mp=\dimen106
\Gm@dimlist=\toks15

(/usr/local/teTeX/share/texmf.tetex/tex/latex/geometry/geometry.cfg))
(/usr/local/teTeX/share/texmf.tetex/tex/latex/graphics/graphicx.sty
Package: graphicx 1999/02/16 v1.0f Enhanced LaTeX Graphics (DPC,SPQR)

(/usr/local/teTeX/share/texmf.tetex/tex/latex/graphics/graphics.sty
Package: graphics 2001/07/07 v1.0n Standard LaTeX Graphics (DPC,SPQR)

(/usr/local/teTeX/share/texmf.tetex/tex/latex/graphics/trig.sty
Package: trig 1999/03/16 v1.09 sin cos tan (DPC)
)
(/usr/local/teTeX/share/texmf.tetex/tex/latex/graphics/graphics.cfg
File: graphics.cfg 2004/07/07 v1.2 graphics configuration of teTeX/TeXLive
)
Package graphics Info: Driver file: dvips.def on input line 80.

(/usr/local/teTeX/share/texmf.tetex/tex/latex/graphics/dvips.def
File: dvips.def 1999/02/16 v3.0i Driver-dependant file (DPC,SPQR)
))
\Gin@req@height=\dimen107
\Gin@req@width=\dimen108
)
(/usr/local/teTeX/share/texmf.tetex/tex/latex/tools/afterpage.sty
Package: afterpage 1995/10/27 v1.08 After-Page Package (DPC)
\AP@output=\toks16
\AP@partial=\box26
\AP@footins=\box27
)
(/usr/local/teTeX/share/texmf.tetex/tex/latex/amsfonts/amssymb.sty
Package: amssymb 2002/01/22 v2.2d

(/usr/local/teTeX/share/texmf.tetex/tex/latex/amsfonts/amsfonts.sty
Package: amsfonts 2001/10/25 v2.2f
\@emptytoks=\toks17
\symAMSa=\mathgroup4
\symAMSb=\mathgroup5
LaTeX Font Info:    Overwriting math alphabet `\mathfrak' in version `bold'
(Font)                  U/euf/m/n --> U/euf/b/n on input line 132.
))
(/usr/local/teTeX/share/texmf.tetex/tex/latex/amsmath/amsmath.sty
Package: amsmath 2000/07/18 v2.13 AMS math features
\@mathmargin=\skip43

For additional information on amsmath, use the `?' option.
(/usr/local/teTeX/share/texmf.tetex/tex/latex/amsmath/amstext.sty
Package: amstext 2000/06/29 v2.01

(/usr/local/teTeX/share/texmf.tetex/tex/latex/amsmath/amsgen.sty
File: amsgen.sty 1999/11/30 v2.0
\@emptytoks=\toks18
\ex@=\dimen109
))
(/usr/local/teTeX/share/texmf.tetex/tex/latex/amsmath/amsbsy.sty
Package: amsbsy 1999/11/29 v1.2d
\pmbraise@=\dimen110
)
(/usr/local/teTeX/share/texmf.tetex/tex/latex/amsmath/amsopn.sty
Package: amsopn 1999/12/14 v2.01 operator names
)
\inf@bad=\count91
LaTeX Info: Redefining \frac on input line 211.
\uproot@=\count92
\leftroot@=\count93
LaTeX Info: Redefining \overline on input line 307.
\classnum@=\count94
\DOTSCASE@=\count95
LaTeX Info: Redefining \ldots on input line 379.
LaTeX Info: Redefining \dots on input line 382.
LaTeX Info: Redefining \cdots on input line 467.
\Mathstrutbox@=\box28
\strutbox@=\box29
\big@size=\dimen111
LaTeX Font Info:    Redeclaring font encoding OML on input line 567.
LaTeX Font Info:    Redeclaring font encoding OMS on input line 568.
\macc@depth=\count96
\c@MaxMatrixCols=\count97
\dotsspace@=\muskip10
\c@parentequation=\count98
\dspbrk@lvl=\count99
\tag@help=\toks19
\row@=\count100
\column@=\count101
\maxfields@=\count102
\andhelp@=\toks20
\eqnshift@=\dimen112
\alignsep@=\dimen113
\tagshift@=\dimen114
\tagwidth@=\dimen115
\totwidth@=\dimen116
\lineht@=\dimen117
\@envbody=\toks21
\multlinegap=\skip44
\multlinetaggap=\skip45
\mathdisplay@stack=\toks22
LaTeX Info: Redefining \[ on input line 2666.
LaTeX Info: Redefining \] on input line 2667.
)
(/usr/local/teTeX/share/texmf.tetex/tex/latex/oberdiek/epstopdf.sty
Package: epstopdf 2001/02/04 v1.1 Conversion with epstopdf on the fly (HO)


Package epstopdf Warning: Graphics driver file `pdftex.def' not loaded.

) (/Users/pilko/Library/texmf/tex/latex/misc/axodraw.sty
(/usr/local/teTeX/share/texmf.tetex/tex/generic/epsf/epsf.tex
This is `epsf.tex' v2.7k <10 July 1997>
\epsffilein=\read1
\epsfframemargin=\dimen118
\epsfframethickness=\dimen119
\epsfrsize=\dimen120
\epsftmp=\dimen121
\epsftsize=\dimen122
\epsfxsize=\dimen123
\epsfysize=\dimen124
\pspoints=\dimen125
\epsfnoopenhelp=\toks23
) (/usr/local/teTeX/share/texmf.tetex/tex/plain/dvips/colordvi.tex)
(/usr/local/teTeX/share/texmf.tetex/tex/plain/dvips/rotate.tex
\rotdimen=\dimen126
))
(/Users/pilko/Library/texmf/tex/latex/misc/epsfig.sty
Package: epsfig 1996/10/04 v1.7 (e)psfig emulation (SPQR)
\epsfxsize=\dimen127
\epsfysize=\dimen128
)
(/usr/local/teTeX/share/texmf.tetex/tex/latex/subfigure/subfigure.sty
Package: subfigure 2002/07/30 v2.1.4 subfigure package
\subfigtopskip=\skip46
\subfigcapskip=\skip47
\subfigcaptopadj=\dimen129
\subfigbottomskip=\skip48
\subfigcapmargin=\dimen130
\subfiglabelskip=\skip49
\c@subfigure=\count103
\c@lofdepth=\count104
\c@subtable=\count105
\c@lotdepth=\count106

****************************************
* Local config file subfigure.cfg used *
****************************************
(/usr/local/teTeX/share/texmf.tetex/tex/latex/subfigure/subfigure.cfg)
\subfig@top=\skip50
\subfig@bottom=\skip51
)
(./Wrapper.aux)
\openout1 = `Wrapper.aux'.

LaTeX Font Info:    Checking defaults for OML/cmm/m/it on input line 35.
LaTeX Font Info:    ... okay on input line 35.
LaTeX Font Info:    Checking defaults for T1/cmr/m/n on input line 35.
LaTeX Font Info:    ... okay on input line 35.
LaTeX Font Info:    Checking defaults for OT1/cmr/m/n on input line 35.
LaTeX Font Info:    ... okay on input line 35.
LaTeX Font Info:    Checking defaults for OMS/cmsy/m/n on input line 35.
LaTeX Font Info:    ... okay on input line 35.
LaTeX Font Info:    Checking defaults for OMX/cmex/m/n on input line 35.
LaTeX Font Info:    ... okay on input line 35.
LaTeX Font Info:    Checking defaults for U/cmr/m/n on input line 35.
LaTeX Font Info:    ... okay on input line 35.
-------------------- Geometry parameters
paper: a4paper
landscape: --
twocolumn: --
twoside: --
asymmetric: --
h-parts: 89.62709pt, 0.7\paperwidth , 89.6271pt (default)
v-parts: 101.40665pt, 0.7\paperheight , 152.11pt (default)
hmarginratio: 1:1
vmarginratio: 2:3
lines: --
heightrounded: --
bindingoffset: 0.0pt
truedimen: --
includehead: --
includefoot: --
includemp: --
driver: 
-------------------- Page layout dimensions and switches
\paperwidth  597.50787pt
\paperheight 845.04684pt
\textwidth  418.25368pt
\textheight 591.5302pt
\oddsidemargin  17.3571pt
\evensidemargin 17.3571pt
\topmargin  -7.86334pt
\headheight 12.0pt
\headsep    25.0pt
\footskip   30.0pt
\marginparwidth 44.0pt
\marginparsep   10.0pt
\columnsep  10.0pt
\skip\footins  10.8pt plus 4.0pt minus 2.0pt
\hoffset 0.0pt
\voffset 0.0pt
\mag 1000

(1in=72.27pt, 1cm=28.45pt)
-----------------------

Chapter 1.
(./Theory/StandardModel.tex
LaTeX Font Info:    Try loading font information for U+msa on input line 6.

(/usr/local/teTeX/share/texmf.tetex/tex/latex/amsfonts/umsa.fd
File: umsa.fd 2002/01/19 v2.2g AMS font definitions
)
LaTeX Font Info:    Try loading font information for U+msb on input line 6.

(/usr/local/teTeX/share/texmf.tetex/tex/latex/amsfonts/umsb.fd
File: umsb.fd 2002/01/19 v2.2g AMS font definitions
) [1


]

Package amsfonts Warning: Obsolete command \bold; \mathbf should be used instea
d on input line 43.

[2] [3] [4] [5]
File: Diagrams/quarkloop.eps Graphic file (type eps)
 <Diagrams/quarkloop.eps>
File: Diagrams/gluonloop.eps Graphic file (type eps)
 <Diagrams/gluonloop.eps> [6] [7]
[8] [9]) [10]
Chapter 2.
(./Detector/LHC.tex) (./Detector/ATLAS.tex [11

]
File: Diagrams/atlas.eps Graphic file (type eps)
 <Diagrams/atlas.eps> [12]
[13] [14] [15] [16] [17] [18] [19] [20] [21] [22]) (./Detector/FP420.tex)
[23]
Chapter 3.
(./Analysis/JetAlgos.tex

LaTeX Warning: Reference `partonshower' on page 24 undefined on input line 3.


LaTeX Warning: Reference `Blazey:200qt' on page 24 undefined on input line 6.

[24

] [25]
File: Diagrams/cone-fig1.eps Graphic file (type eps)
 <Diagrams/cone-fig1.eps>

LaTeX Warning: Citation `Butterworth:2002xg' on page 26 undefined on input line
 53.

[26] [27]) (./Analysis/ExclusiveVariables.tex) (./Analysis/Higgs.tex

LaTeX Warning: Reference `exclusivediquark' on page 28 undefined on input line 
7.

[28] [29]
File: Diagrams/HiggsRJJDiffCone.eps Graphic file (type eps)
 <Diagrams/HiggsRJJDiffCone.eps>
File: Diagrams/HiggsRJJDiffKTR.eps Graphic file (type eps)
 <Diagrams/HiggsRJJDiffKTR.eps>
Overfull \hbox (11.74352pt too wide) in paragraph at lines 26--27
 [][] 
 []

File: Diagrams/HiggsRJDiffCone.eps Graphic file (type eps)
<Diagrams/HiggsRJDiffCone.eps>
File: Diagrams/HiggsRJDiffKTR.eps Graphic file (type eps)
 <Diagrams/HiggsRJDiffKTR.eps>
Overfull \hbox (19.57677pt too wide) in paragraph at lines 40--41
 [][] 
 []

[30]
File: Diagrams/HiggsDeltaEtaDiffCone.eps Graphic file (type eps)
 <Diagrams/HiggsDeltaEtaDiffCone.eps>
File: Diagrams/HiggsDeltaEtaDiffKTR.eps Graphic file (type eps)
 <Diagrams/HiggsDeltaEtaDiffKTR.eps>
Overfull \hbox (11.74352pt too wide) in paragraph at lines 52--53
 [][] 
 []

[31]
File: Diagrams/HiggsvsDPEbbCONE_RJJ.eps Graphic file (type eps)
 <Diagrams/HiggsvsDPEbbCONE_RJJ.eps>
File: Diagrams/HiggsvsDPEbbKTR_RJJ.eps Graphic file (type eps)
 <Diagrams/HiggsvsDPEbbKTR_RJJ.eps>
File: Diagrams/HiggsvsDPEbbCONE_RJ.eps Graphic file (type eps)

<Diagrams/HiggsvsDPEbbCONE_RJ.eps>
File: Diagrams/HiggsvsDPEbbKTR_RJ.eps Graphic file (type eps)
 <Diagrams/HiggsvsDPEbbKTR_RJ.eps>
File: Diagrams/HiggsvsDPEbbCONE_DeltaEta.eps Graphic file (type eps)

<Diagrams/HiggsvsDPEbbCONE_DeltaEta.eps>
File: Diagrams/HiggsvsDPEbbKTR_DeltaEta.eps Graphic file (type eps)

<Diagrams/HiggsvsDPEbbKTR_DeltaEta.eps>
Overfull \hbox (19.57677pt too wide) in paragraph at lines 63--72
 [][] 
 []


Overfull \hbox (19.57677pt too wide) in paragraph at lines 63--72
 [] 
 []


Overfull \hbox (19.57677pt too wide) in paragraph at lines 63--72
 [] 
 []


LaTeX Warning: Float too large for page by 83.43953pt on input line 73.

[32] [33]
File: Diagrams/ConeDijetMassFractionCut.eps Graphic file (type eps)
 <Diagrams/ConeDijetMassFractionCut.eps>
File: Diagrams/KTDijetMassFractionCut.eps Graphic file (type eps)

<Diagrams/KTDijetMassFractionCut.eps>
Overfull \hbox (11.74986pt too wide) in paragraph at lines 89--90
 [][] 
 []

[34] [35]
File: Diagrams/ConeDijetMassFractionSignalEfficiency.eps Graphic file (type eps
)
 <Diagrams/ConeDijetMassFractionSignalEfficiency.eps>
File: Diagrams/ConeDijetMassFractionBackgroundEfficiency.eps Graphic file (type
 eps)

<Diagrams/ConeDijetMassFractionBackgroundEfficiency.eps>
File: Diagrams/KTDijetMassFractionSignalEfficiency.eps Graphic file (type eps)

<Diagrams/KTDijetMassFractionSignalEfficiency.eps>
File: Diagrams/KTDijetMassFractionBackgroundEfficiency.eps Graphic file (type e
ps)

<Diagrams/KTDijetMassFractionBackgroundEfficiency.eps>
Overfull \hbox (19.58311pt too wide) in paragraph at lines 111--116
 [][] 
 []


Overfull \hbox (19.58311pt too wide) in paragraph at lines 111--116
 [] 
 []

[36] [37] [38]

LaTeX Warning: Citation `herwig' on page 39 undefined on input line 138.


LaTeX Warning: Reference `lumilhc' on page 39 undefined on input line 140.


LaTeX Warning: Citation `brandt' on page 39 undefined on input line 141.


LaTeX Warning: Citation `pythia' on page 39 undefined on input line 146.


LaTeX Warning: Citation `pb' on page 39 undefined on input line 146.


LaTeX Warning: Reference `pomeron flux' on page 39 undefined on input line 148.



LaTeX Warning: Reference `mcmethods' on page 39 undefined on input line 148.

[39] [40]

LaTeX Warning: Reference `fp420' on page 41 undefined on input line 180.

[41]
File: Diagrams/All_Masskti0.55.eps Graphic file (type eps)
 <Diagrams/All_Masskti0.55.eps>
Overfull \hbox (3.91663pt too wide) in paragraph at lines 190--192
 [][] 
 []

[42]
File: Diagrams/All_NChargedkti0.55.eps Graphic file (type eps)
 <Diagrams/All_NChargedkti0.55.eps>
File: Diagrams/NChargedBBQCD_pt.eps Graphic file (type eps)
 <Diagrams/NChargedBBQCD_pt.eps>
Overfull \hbox (19.57677pt too wide) in paragraph at lines 202--203
 [][] 
 []

[43]
File: Diagrams/EtaDistNCharge.eps Graphic file (type eps)
 <Diagrams/EtaDistNCharge.eps>
File: Diagrams/NChargedProbability.eps Graphic file (type eps)
 <Diagrams/NChargedProbability.eps>
Overfull \hbox (19.57677pt too wide) in paragraph at lines 216--217
 [][] 
 []

[44]

LaTeX Warning: Reference `xsebt' on page 45 undefined on input line 228.

[45]
File: Diagrams/All_JetEtakti0.55.eps Graphic file (type eps)
 <Diagrams/All_JetEtakti0.55.eps>
File: Diagrams/All_JetPhikti0.55.eps Graphic file (type eps)
 <Diagrams/All_JetPhikti0.55.eps>
Overfull \hbox (19.57677pt too wide) in paragraph at lines 235--238
 [][] 
 []

[46]
File: Diagrams/All_RJAfterCutskti0.55.eps Graphic file (type eps)
 <Diagrams/All_RJAfterCutskti0.55.eps>
File: Diagrams/All_RJAfterCutskti0.55.eps Graphic file (type eps)

<Diagrams/All_RJAfterCutskti0.55.eps>
Overfull \hbox (19.57677pt too wide) in paragraph at lines 249--250
 [][] 
 []

) [47] [48] (./Wrapper.aux)

LaTeX Warning: There were undefined references.

 ) 
Here is how much of TeX's memory you used:
 2435 strings out of 95204
 31199 string characters out of 1184351
 2101018 words of memory out of 4555853
 5475 multiletter control sequences out of 10000+50000
 17706 words of font info for 68 fonts, out of 2000000 for 2000
 58 hyphenation exceptions out of 1000
 27i,10n,25p,1350b,347s stack positions out of 1500i,500n,5000p,200000b,5000s
 0 PDF objects out of 300000
 0 named destinations out of 131072
 1 words of extra memory for PDF output out of 65536

Output written on Wrapper.dvi (48 pages, 125360 bytes).
