This is pdfeTeX, Version 3.141592-1.20a-2.2 (Web2C 7.5.3) (format=latex 2004.12.21)  27 JUL 2006 16:46
entering extended mode
**pilko-thesis.tex
(/usr/local/teTeX/share/texmf.tetex/tex/latex/tools/q.tex
LaTeX2e <2003/12/01>
Babel <v3.8c> and hyphenation patterns for american, french, german, ngerman, d
utch, italian, norsk, portuges, spanish, swedish, nohyphenation, loaded.
File ignored
)
! Emergency stop.
<*> pilko-thesis.tex
                    
*** (job aborted, no legal \end found)

 
Here is how much of TeX's memory you used:
 7 strings out of 95204
 257 string characters out of 1184351
 2045165 words of memory out of 4500000
 3225 multiletter control sequences out of 10000+50000
 3640 words of font info for 14 fonts, out of 2000000 for 2000
 58 hyphenation exceptions out of 1000
 5i,0n,1p,96b,8s stack positions out of 1500i,500n,5000p,200000b,5000s
 0 PDF objects out of 300000
 0 named destinations out of 131072
 1 words of extra memory for PDF output out of 65536
No pages of output.
