This is pdfTeX, Version 3.1415926-1.40.10 (MiKTeX 2.8) (preloaded format=pdflatex 2011.1.19)  1 NOV 2012 11:50
entering extended mode
**E:/GitHub/thesis/thesis.tex
(E:/GitHub/thesis/thesis.tex
LaTeX2e <2009/09/24>
Babel <v3.8l> and hyphenation patterns for english, dumylang, nohyphenation, ge
rman, ngerman, german-x-2009-06-19, ngerman-x-2009-06-19, french, loaded.
(E:\GitHub\thesis\Thesis.cls
Document Class: Thesis 
("C:\Program Files (x86)\MiKTeX 2.8\tex\latex\base\report.cls"
Document Class: report 2007/10/19 v1.4h Standard LaTeX document class
("C:\Program Files (x86)\MiKTeX 2.8\tex\latex\base\size12.clo"
File: size12.clo 2007/10/19 v1.4h Standard LaTeX file (size option)
)
\c@part=\count79
\c@chapter=\count80
\c@section=\count81
\c@subsection=\count82
\c@subsubsection=\count83
\c@paragraph=\count84
\c@subparagraph=\count85
\c@figure=\count86
\c@table=\count87
\abovecaptionskip=\skip41
\belowcaptionskip=\skip42
\bibindent=\dimen102
))
("C:\Program Files (x86)\MiKTeX 2.8\tex\latex\ieeepes\vmargin.sty"
Package: vmargin 1999/06/01

Package `vmargin', V2.2, <1999/06/01>
\PaperWidth=\dimen103
\PaperHeight=\dimen104
) ("C:\Program Files (x86)\MiKTeX 2.8\tex\latex\base\t1enc.sty"
Package: t1enc 1994/06/01 Standard LaTeX package
)
("C:\Program Files (x86)\MiKTeX 2.8\tex\latex\base\inputenc.sty"
Package: inputenc 2008/03/30 v1.1d Input encoding file
\inpenc@prehook=\toks14
\inpenc@posthook=\toks15

("C:\Program Files (x86)\MiKTeX 2.8\tex\latex\base\latin1.def"
File: latin1.def 2008/03/30 v1.1d Input encoding file
))
("C:\Program Files (x86)\MiKTeX 2.8\tex\latex\psnfss\times.sty"
Package: times 2005/04/12 PSNFSS-v9.2a (SPQR) 
)
("C:\Program Files (x86)\MiKTeX 2.8\tex\latex\mathcomp\mathcomp.sty"
Package: mathcomp 2001/01/07 v0.1f (TBo)

("C:\Program Files (x86)\MiKTeX 2.8\tex\latex\base\textcomp.sty"
Package: textcomp 2005/09/27 v1.99g Standard LaTeX package
Package textcomp Info: Sub-encoding information:
(textcomp)               5 = only ISO-Adobe without \textcurrency
(textcomp)               4 = 5 + \texteuro
(textcomp)               3 = 4 + \textohm
(textcomp)               2 = 3 + \textestimated + \textcurrency
(textcomp)               1 = TS1 - \textcircled - \t
(textcomp)               0 = TS1 (full)
(textcomp)             Font families with sub-encoding setting implement
(textcomp)             only a restricted character set as indicated.
(textcomp)             Family '?' is the default used for unknown fonts.
(textcomp)             See the documentation for details.
Package textcomp Info: Setting ? sub-encoding to TS1/1 on input line 71.

("C:\Program Files (x86)\MiKTeX 2.8\tex\latex\base\ts1enc.def"
File: ts1enc.def 2001/06/05 v3.0e (jk/car/fm) Standard LaTeX file
)
LaTeX Info: Redefining \oldstylenums on input line 266.
Package textcomp Info: Setting cmr sub-encoding to TS1/0 on input line 281.
Package textcomp Info: Setting cmss sub-encoding to TS1/0 on input line 282.
Package textcomp Info: Setting cmtt sub-encoding to TS1/0 on input line 283.
Package textcomp Info: Setting cmvtt sub-encoding to TS1/0 on input line 284.
Package textcomp Info: Setting cmbr sub-encoding to TS1/0 on input line 285.
Package textcomp Info: Setting cmtl sub-encoding to TS1/0 on input line 286.
Package textcomp Info: Setting ccr sub-encoding to TS1/0 on input line 287.
Package textcomp Info: Setting ptm sub-encoding to TS1/4 on input line 288.
Package textcomp Info: Setting pcr sub-encoding to TS1/4 on input line 289.
Package textcomp Info: Setting phv sub-encoding to TS1/4 on input line 290.
Package textcomp Info: Setting ppl sub-encoding to TS1/3 on input line 291.
Package textcomp Info: Setting pag sub-encoding to TS1/4 on input line 292.
Package textcomp Info: Setting pbk sub-encoding to TS1/4 on input line 293.
Package textcomp Info: Setting pnc sub-encoding to TS1/4 on input line 294.
Package textcomp Info: Setting pzc sub-encoding to TS1/4 on input line 295.
Package textcomp Info: Setting bch sub-encoding to TS1/4 on input line 296.
Package textcomp Info: Setting put sub-encoding to TS1/5 on input line 297.
Package textcomp Info: Setting uag sub-encoding to TS1/5 on input line 298.
Package textcomp Info: Setting ugq sub-encoding to TS1/5 on input line 299.
Package textcomp Info: Setting ul8 sub-encoding to TS1/4 on input line 300.
Package textcomp Info: Setting ul9 sub-encoding to TS1/4 on input line 301.
Package textcomp Info: Setting augie sub-encoding to TS1/5 on input line 302.
Package textcomp Info: Setting dayrom sub-encoding to TS1/3 on input line 303.
Package textcomp Info: Setting dayroms sub-encoding to TS1/3 on input line 304.

Package textcomp Info: Setting pxr sub-encoding to TS1/0 on input line 305.
Package textcomp Info: Setting pxss sub-encoding to TS1/0 on input line 306.
Package textcomp Info: Setting pxtt sub-encoding to TS1/0 on input line 307.
Package textcomp Info: Setting txr sub-encoding to TS1/0 on input line 308.
Package textcomp Info: Setting txss sub-encoding to TS1/0 on input line 309.
Package textcomp Info: Setting txtt sub-encoding to TS1/0 on input line 310.
Package textcomp Info: Setting lmr sub-encoding to TS1/0 on input line 311.
Package textcomp Info: Setting lmdh sub-encoding to TS1/0 on input line 312.
Package textcomp Info: Setting lmss sub-encoding to TS1/0 on input line 313.
Package textcomp Info: Setting lmssq sub-encoding to TS1/0 on input line 314.
Package textcomp Info: Setting lmvtt sub-encoding to TS1/0 on input line 315.
Package textcomp Info: Setting qhv sub-encoding to TS1/0 on input line 316.
Package textcomp Info: Setting qag sub-encoding to TS1/0 on input line 317.
Package textcomp Info: Setting qbk sub-encoding to TS1/0 on input line 318.
Package textcomp Info: Setting qcr sub-encoding to TS1/0 on input line 319.
Package textcomp Info: Setting qcs sub-encoding to TS1/0 on input line 320.
Package textcomp Info: Setting qpl sub-encoding to TS1/0 on input line 321.
Package textcomp Info: Setting qtm sub-encoding to TS1/0 on input line 322.
Package textcomp Info: Setting qzc sub-encoding to TS1/0 on input line 323.
Package textcomp Info: Setting qhvc sub-encoding to TS1/0 on input line 324.
Package textcomp Info: Setting futs sub-encoding to TS1/4 on input line 325.
Package textcomp Info: Setting futx sub-encoding to TS1/4 on input line 326.
Package textcomp Info: Setting futj sub-encoding to TS1/4 on input line 327.
Package textcomp Info: Setting hlh sub-encoding to TS1/3 on input line 328.
Package textcomp Info: Setting hls sub-encoding to TS1/3 on input line 329.
Package textcomp Info: Setting hlst sub-encoding to TS1/3 on input line 330.
Package textcomp Info: Setting hlct sub-encoding to TS1/5 on input line 331.
Package textcomp Info: Setting hlx sub-encoding to TS1/5 on input line 332.
Package textcomp Info: Setting hlce sub-encoding to TS1/5 on input line 333.
Package textcomp Info: Setting hlcn sub-encoding to TS1/5 on input line 334.
Package textcomp Info: Setting hlcw sub-encoding to TS1/5 on input line 335.
Package textcomp Info: Setting hlcf sub-encoding to TS1/5 on input line 336.
Package textcomp Info: Setting pplx sub-encoding to TS1/3 on input line 337.
Package textcomp Info: Setting pplj sub-encoding to TS1/3 on input line 338.
Package textcomp Info: Setting ptmx sub-encoding to TS1/4 on input line 339.
Package textcomp Info: Setting ptmj sub-encoding to TS1/4 on input line 340.
)
\symTC=\mathgroup4
LaTeX Font Info:    Overwriting symbol font `TC' in version `bold'
(Font)                  TS1/cmr/m/n --> TS1/cmr/bx/n on input line 25.
LaTeX Font Info:    Redeclaring math symbol \dagger on input line 47.
LaTeX Font Info:    Redeclaring math symbol \ddagger on input line 48.
)
("C:\Program Files (x86)\MiKTeX 2.8\tex\latex\subfigure\subfigure.sty"
Package: subfigure 2002/07/30 v2.1.4 subfigure package
\subfigtopskip=\skip43
\subfigcapskip=\skip44
\subfigcaptopadj=\dimen105
\subfigbottomskip=\skip45
\subfigcapmargin=\dimen106
\subfiglabelskip=\skip46
\c@subfigure=\count88
\c@lofdepth=\count89
\c@subtable=\count90
\c@lotdepth=\count91

****************************************
* Local config file subfigure.cfg used *
****************************************
("C:\Program Files (x86)\MiKTeX 2.8\tex\latex\subfigure\subfigure.cfg")
\subfig@top=\skip47
\subfig@bottom=\skip48
)
("C:\Program Files (x86)\MiKTeX 2.8\tex\latex\amsfonts\amssymb.sty"
Package: amssymb 2009/06/22 v3.00

("C:\Program Files (x86)\MiKTeX 2.8\tex\latex\amsfonts\amsfonts.sty"
Package: amsfonts 2009/06/22 v3.00 Basic AMSFonts support
\@emptytoks=\toks16
\symAMSa=\mathgroup5
\symAMSb=\mathgroup6
LaTeX Font Info:    Overwriting math alphabet `\mathfrak' in version `bold'
(Font)                  U/euf/m/n --> U/euf/b/n on input line 96.
))
("C:\Program Files (x86)\MiKTeX 2.8\tex\latex\ams\math\amsmath.sty"
Package: amsmath 2000/07/18 v2.13 AMS math features
\@mathmargin=\skip49

For additional information on amsmath, use the `?' option.
("C:\Program Files (x86)\MiKTeX 2.8\tex\latex\ams\math\amstext.sty"
Package: amstext 2000/06/29 v2.01

("C:\Program Files (x86)\MiKTeX 2.8\tex\latex\ams\math\amsgen.sty"
File: amsgen.sty 1999/11/30 v2.0
\@emptytoks=\toks17
\ex@=\dimen107
))
("C:\Program Files (x86)\MiKTeX 2.8\tex\latex\ams\math\amsbsy.sty"
Package: amsbsy 1999/11/29 v1.2d
\pmbraise@=\dimen108
)
("C:\Program Files (x86)\MiKTeX 2.8\tex\latex\ams\math\amsopn.sty"
Package: amsopn 1999/12/14 v2.01 operator names
)
\inf@bad=\count92
LaTeX Info: Redefining \frac on input line 211.
\uproot@=\count93
\leftroot@=\count94
LaTeX Info: Redefining \overline on input line 307.
\classnum@=\count95
\DOTSCASE@=\count96
LaTeX Info: Redefining \ldots on input line 379.
LaTeX Info: Redefining \dots on input line 382.
LaTeX Info: Redefining \cdots on input line 467.
\Mathstrutbox@=\box26
\strutbox@=\box27
\big@size=\dimen109
LaTeX Font Info:    Redeclaring font encoding OML on input line 567.
LaTeX Font Info:    Redeclaring font encoding OMS on input line 568.
\macc@depth=\count97
\c@MaxMatrixCols=\count98
\dotsspace@=\muskip10
\c@parentequation=\count99
\dspbrk@lvl=\count100
\tag@help=\toks18
\row@=\count101
\column@=\count102
\maxfields@=\count103
\andhelp@=\toks19
\eqnshift@=\dimen110
\alignsep@=\dimen111
\tagshift@=\dimen112
\tagwidth@=\dimen113
\totwidth@=\dimen114
\lineht@=\dimen115
\@envbody=\toks20
\multlinegap=\skip50
\multlinetaggap=\skip51
\mathdisplay@stack=\toks21
LaTeX Info: Redefining \[ on input line 2666.
LaTeX Info: Redefining \] on input line 2667.
)
("C:\Program Files (x86)\MiKTeX 2.8\tex\latex\graphics\graphicx.sty"
Package: graphicx 1999/02/16 v1.0f Enhanced LaTeX Graphics (DPC,SPQR)

("C:\Program Files (x86)\MiKTeX 2.8\tex\latex\graphics\keyval.sty"
Package: keyval 1999/03/16 v1.13 key=value parser (DPC)
\KV@toks@=\toks22
)
("C:\Program Files (x86)\MiKTeX 2.8\tex\latex\graphics\graphics.sty"
Package: graphics 2009/02/05 v1.0o Standard LaTeX Graphics (DPC,SPQR)

("C:\Program Files (x86)\MiKTeX 2.8\tex\latex\graphics\trig.sty"
Package: trig 1999/03/16 v1.09 sin cos tan (DPC)
)
("C:\Program Files (x86)\MiKTeX 2.8\tex\latex\00miktex\graphics.cfg"
File: graphics.cfg 2007/01/18 v1.5 graphics configuration of teTeX/TeXLive
)
Package graphics Info: Driver file: pdftex.def on input line 91.

("C:\Program Files (x86)\MiKTeX 2.8\tex\latex\pdftex-def\pdftex.def"
File: pdftex.def 2011/05/27 v0.06d Graphics/color for pdfTeX

("C:\Program Files (x86)\MiKTeX 2.8\tex\generic\oberdiek\infwarerr.sty"
Package: infwarerr 2010/04/08 v1.3 Providing info/warning/message (HO)
)
("C:\Program Files (x86)\MiKTeX 2.8\tex\generic\oberdiek\ltxcmds.sty"
Package: ltxcmds 2011/04/18 v1.20 LaTeX kernel commands for general use (HO)
)
\Gread@gobject=\count104
))
\Gin@req@height=\dimen116
\Gin@req@width=\dimen117
)
("C:\Program Files (x86)\MiKTeX 2.8\tex\latex\cleveref\cleveref.sty"
Package: cleveref 2011/03/22 v0.17.9 Intelligent cross-referencing
Package cleveref Info: loaded `english' language definitions on input line 5499
.
)
(E:\GitHub\thesis\thesis.aux

LaTeX Warning: Label `fig:diff_bunch_len_para' multiply defined.


LaTeX Warning: Label `cref@fig:diff_bunch_len_para' multiply defined.

! Missing \endcsname inserted.
<to be read again> 
                   \global 
l.440 ...:p\"A\IeC {\textyen }ase-1-rf}{{7.1}{90}}
                                                  
? 

! LaTeX Error: Missing \begin{document}.

See the LaTeX manual or LaTeX Companion for explanation.
Type  H <return>  for immediate help.
 ...                                              
                                                  
l.440 ...:p\"A\IeC {\textyen }ase-1-rf}{{7.1}{90}}
                                                  
? 
! Extra \endcsname.
\@ifundefined ...dafter \ifx \csname #1\endcsname 
                                                  \relax \expandafter \@firs...
l.440 ...:p\"A\IeC {\textyen }ase-1-rf}{{7.1}{90}}
                                                  
? 
! Missing \endcsname inserted.
<to be read again> 
                   \global 
l.440 ...:p\"A\IeC {\textyen }ase-1-rf}{{7.1}{90}}
                                                  
? 
! Missing \endcsname inserted.
<to be read again> 
                   \global 
l.441 ...se-1-rf}{{[subfigure][2][7,1]7.1(b)}{90}}
                                                  
? 
! Extra \endcsname.
\@ifundefined ...dafter \ifx \csname #1\endcsname 
                                                  \relax \expandafter \@firs...
l.441 ...se-1-rf}{{[subfigure][2][7,1]7.1(b)}{90}}
                                                  
? 
! Missing \endcsname inserted.
<to be read again> 
                   \global 
l.441 ...se-1-rf}{{[subfigure][2][7,1]7.1(b)}{90}}
                                                  
? 
)
LaTeX Font Info:    Checking defaults for OML/cmm/m/it on input line 40.
LaTeX Font Info:    ... okay on input line 40.
LaTeX Font Info:    Checking defaults for T1/cmr/m/n on input line 40.
LaTeX Font Info:    ... okay on input line 40.
LaTeX Font Info:    Checking defaults for OT1/cmr/m/n on input line 40.
LaTeX Font Info:    ... okay on input line 40.
LaTeX Font Info:    Checking defaults for OMS/cmsy/m/n on input line 40.
LaTeX Font Info:    ... okay on input line 40.
LaTeX Font Info:    Checking defaults for OMX/cmex/m/n on input line 40.
LaTeX Font Info:    ... okay on input line 40.
LaTeX Font Info:    Checking defaults for U/cmr/m/n on input line 40.
LaTeX Font Info:    ... okay on input line 40.
LaTeX Font Info:    Checking defaults for TS1/cmr/m/n on input line 40.
LaTeX Font Info:    Try loading font information for TS1+cmr on input line 40.
 ("C:\Program Files (x86)\MiKTeX 2.8\tex\latex\base\ts1cmr.fd"
File: ts1cmr.fd 1999/05/25 v2.5h Standard LaTeX font definitions
)
LaTeX Font Info:    ... okay on input line 40.
LaTeX Font Info:    Try loading font information for T1+ptm on input line 40.

("C:\Program Files (x86)\MiKTeX 2.8\tex\latex\psnfss\t1ptm.fd"
File: t1ptm.fd 2001/06/04 font definitions for T1/ptm.
)
("C:\Program Files (x86)\MiKTeX 2.8\tex\context\base\supp-pdf.mkii"
[Loading MPS to PDF converter (version 2006.09.02).]
\scratchcounter=\count105
\scratchdimen=\dimen118
\scratchbox=\box28
\nofMPsegments=\count106
\nofMParguments=\count107
\everyMPshowfont=\toks23
\MPscratchCnt=\count108
\MPscratchDim=\dimen119
\MPnumerator=\count109
\makeMPintoPDFobject=\count110
\everyMPtoPDFconversion=\toks24
)
LaTeX Font Info:    Font shape `T1/ptm/bx/n' in size <12> not available
(Font)              Font shape `T1/ptm/b/n' tried instead on input line 48.
LaTeX Font Info:    Font shape `T1/ptm/bx/n' in size <24.88> not available
(Font)              Font shape `T1/ptm/b/n' tried instead on input line 48.
LaTeX Font Info:    Try loading font information for T1+ppl on input line 48.
 ("C:\Program Files (x86)\MiKTeX 2.8\tex\latex\psnfss\t1ppl.fd"
File: t1ppl.fd 2001/06/04 font definitions for T1/ppl.
) [1

{C:/Users/hday/AppData/Local/MiKTeX/2.8/pdftex/config/pdftex.map}]
(E:\GitHub\thesis\thesis.toc
LaTeX Font Info:    Try loading font information for U+msa on input line 8.

("C:\Program Files (x86)\MiKTeX 2.8\tex\latex\amsfonts\umsa.fd"
File: umsa.fd 2009/06/22 v3.00 AMS symbols A
)
LaTeX Font Info:    Try loading font information for U+msb on input line 8.

("C:\Program Files (x86)\MiKTeX 2.8\tex\latex\amsfonts\umsb.fd"
File: umsb.fd 2009/06/22 v3.00 AMS symbols B
) [2

] [3]
[4])
\tf@toc=\write3
 [5] (E:\GitHub\thesis\thesis.lot)
\tf@lot=\write4
 [6

] (E:\GitHub\thesis\thesis.lof
[7

] [8]
Overfull \hbox (21.20888pt too wide) in paragraph at lines 43--43
 [][] []\T1/ptm/m/n/12 Measurement setup for mea-sure-ments of the dipo-lar bea
m cou-pling impedance 
 []

[9] [10] [11] [12])
\tf@lof=\write5
 [13] (E:\GitHub\thesis\Preface/abstract.tex) [14

] [15]
Underfull \hbox (badness 10000) in paragraph at lines 51--51

 []

[16

] [17

] (E:\GitHub\thesis\Preface/author.tex) [18

] [19

]
Chapter 1.
(E:\GitHub\thesis\Introduction/introduction.tex) [20

]
Chapter 2.
(E:\GitHub\thesis\Wakefields_and_Impedances/wakefields.tex
LaTeX Font Info:    Font shape `T1/ptm/bx/n' in size <17.28> not available
(Font)              Font shape `T1/ptm/b/n' tried instead on input line 1.
LaTeX Font Info:    Font shape `T1/ptm/bx/n' in size <14.4> not available
(Font)              Font shape `T1/ptm/b/n' tried instead on input line 13.
 [21

] [22] [23]
[24]

LaTeX Warning: Reference `eqn:long_wake_func; eqn:trans_wake_func' on page 25 u
ndefined on input line 143.


Overfull \hbox (1.52687pt too wide) in paragraph at lines 148--148
[] 
 []

[25]) (E:\GitHub\thesis\Wakefields_and_Impedances/impedances.tex
Overfull \hbox (7.51727pt too wide) in paragraph at lines 7--8
\T1/ptm/m/n/12 The lon-gi-tu-di-nal beam cou-pling impedance $\OML/cmm/m/it/12 
Z[]$ \T1/ptm/m/n/12 and the trans-verse beam cou-pling impedance
 []

[26]) (E:\GitHub\thesis\Wakefields_and_Impedances/geometric.tex [27] [28]
[29]) (E:\GitHub\thesis\Wakefields_and_Impedances/resistive_wall.tex [30]
Overfull \hbox (8.09985pt too wide) in paragraph at lines 27--27
[]\T1/ptm/m/n/10 (a) 
 []


Overfull \hbox (8.65991pt too wide) in paragraph at lines 31--31
[]\T1/ptm/m/n/10 (b) 
 []

LaTeX Font Info:    Try loading font information for TS1+ptm on input line 38.
("C:\Program Files (x86)\MiKTeX 2.8\tex\latex\psnfss\ts1ptm.fd"
File: ts1ptm.fd 2001/06/04 font definitions for TS1/ptm.
))
(E:\GitHub\thesis\Wakefields_and_Impedances/beam_induced_heating.tex [31]
[32]
<Wakefields_and_Impedances/figures/beam_spectra_power_gauss_meas_12ns.pdf, id=1
19, 578.16pt x 433.62pt>
File: Wakefields_and_Impedances/figures/beam_spectra_power_gauss_meas_12ns.pdf 
Graphic file (type pdf)

<use Wakefields_and_Impedances/figures/beam_spectra_power_gauss_meas_12ns.pdf>
Package pdftex.def Info: Wakefields_and_Impedances/figures/beam_spectra_power_g
auss_meas_12ns.pdf used on input line 70.
(pdftex.def)             Requested size: 192.34288pt x 144.25293pt.
File: Wakefields_and_Impedances/figures/beam_spectra_power_gauss_meas_12ns.pdf 
Graphic file (type pdf)

<use Wakefields_and_Impedances/figures/beam_spectra_power_gauss_meas_12ns.pdf>
Package pdftex.def Info: Wakefields_and_Impedances/figures/beam_spectra_power_g
auss_meas_12ns.pdf used on input line 74.
(pdftex.def)             Requested size: 192.34288pt x 144.25293pt.

[33]
<Wakefields_and_Impedances/figures/bunch_profile_12ns.pdf, id=124, 578.16pt x 4
33.62pt>
File: Wakefields_and_Impedances/figures/bunch_profile_12ns.pdf Graphic file (ty
pe pdf)
 <use Wakefields_and_Impedances/figures/bunch_profile_12ns.pdf>
Package pdftex.def Info: Wakefields_and_Impedances/figures/bunch_profile_12ns.p
df used on input line 111.
(pdftex.def)             Requested size: 277.82788pt x 208.3668pt.

<Wakefields_and_Impedances/figures/current_spectrum_12ns.pdf, id=125, 578.16pt 
x 433.62pt>
File: Wakefields_and_Impedances/figures/current_spectrum_12ns.pdf Graphic file 
(type pdf)
 <use Wakefields_and_Impedances/figures/current_spectrum_12ns.pdf>
Package pdftex.def Info: Wakefields_and_Impedances/figures/current_spectrum_12n
s.pdf used on input line 121.
(pdftex.def)             Requested size: 192.34288pt x 144.25293pt.

<Wakefields_and_Impedances/figures/power_spectrum_12ns.pdf, id=126, 578.16pt x 
433.62pt>
File: Wakefields_and_Impedances/figures/power_spectrum_12ns.pdf Graphic file (t
ype pdf)
 <use Wakefields_and_Impedances/figures/power_spectrum_12ns.pdf>
Package pdftex.def Info: Wakefields_and_Impedances/figures/power_spectrum_12ns.
pdf used on input line 125.
(pdftex.def)             Requested size: 192.34288pt x 144.25293pt.

[34 <E:/GitHub/thesis/Wakefields_and_Impedances/figures/beam_spectra_power_gaus
s_meas_12ns.pdf>] [35 <E:/GitHub/thesis/Wakefields_and_Impedances/figures/bunch
_profile_12ns.pdf> <E:/GitHub/thesis/Wakefields_and_Impedances/figures/current_
spectrum_12ns.pdf> <E:/GitHub/thesis/Wakefields_and_Impedances/figures/power_sp
ectrum_12ns.pdf>]
<Wakefields_and_Impedances/figures/gaussian_time_dom_diff_lengths.pdf, id=322, 
578.16pt x 433.62pt>
File: Wakefields_and_Impedances/figures/gaussian_time_dom_diff_lengths.pdf Grap
hic file (type pdf)

<use Wakefields_and_Impedances/figures/gaussian_time_dom_diff_lengths.pdf>
Package pdftex.def Info: Wakefields_and_Impedances/figures/gaussian_time_dom_di
ff_lengths.pdf used on input line 136.
(pdftex.def)             Requested size: 192.34288pt x 144.25293pt.

<Wakefields_and_Impedances/figures/gaussian_power_spec_diff_lengths.pdf, id=323
, 578.16pt x 433.62pt>
File: Wakefields_and_Impedances/figures/gaussian_power_spec_diff_lengths.pdf Gr
aphic file (type pdf)

<use Wakefields_and_Impedances/figures/gaussian_power_spec_diff_lengths.pdf>
Package pdftex.def Info: Wakefields_and_Impedances/figures/gaussian_power_spec_
diff_lengths.pdf used on input line 140.
(pdftex.def)             Requested size: 192.34288pt x 144.25293pt.

<Wakefields_and_Impedances/figures/current_amp_para_change.pdf, id=324, 578.16p
t x 433.62pt>
File: Wakefields_and_Impedances/figures/current_amp_para_change.pdf Graphic fil
e (type pdf)

<use Wakefields_and_Impedances/figures/current_amp_para_change.pdf>
Package pdftex.def Info: Wakefields_and_Impedances/figures/current_amp_para_cha
nge.pdf used on input line 149.
(pdftex.def)             Requested size: 192.34288pt x 144.25293pt.

<Wakefields_and_Impedances/figures/freq_power_para_change.pdf, id=325, 578.16pt
 x 433.62pt>
File: Wakefields_and_Impedances/figures/freq_power_para_change.pdf Graphic file
 (type pdf)

<use Wakefields_and_Impedances/figures/freq_power_para_change.pdf>
Package pdftex.def Info: Wakefields_and_Impedances/figures/freq_power_para_chan
ge.pdf used on input line 153.
(pdftex.def)             Requested size: 192.34288pt x 144.25293pt.

<Wakefields_and_Impedances/figures/beam_spectra_power_12ns.pdf, id=326, 578.16p
t x 433.62pt>
File: Wakefields_and_Impedances/figures/beam_spectra_power_12ns.pdf Graphic fil
e (type pdf)

<use Wakefields_and_Impedances/figures/beam_spectra_power_12ns.pdf>
Package pdftex.def Info: Wakefields_and_Impedances/figures/beam_spectra_power_1
2ns.pdf used on input line 162.
(pdftex.def)             Requested size: 277.82788pt x 208.3668pt.
 [36 <E:/GitHub/thesis/Wakefields_and_Impedances/figures/gaussian_time_dom_diff
_lengths.pdf> <E:/GitHub/thesis/Wakefields_and_Impedances/figures/gaussian_powe
r_spec_diff_lengths.pdf> <E:/GitHub/thesis/Wakefields_and_Impedances/figures/cu
rrent_amp_para_change.pdf> <E:/GitHub/thesis/Wakefields_and_Impedances/figures/
freq_power_para_change.pdf>]
<Wakefields_and_Impedances/figures/low_q_10_resonance_beam_harmonics.pdf, id=54
4, 578.16pt x 433.62pt>
File: Wakefields_and_Impedances/figures/low_q_10_resonance_beam_harmonics.pdf G
raphic file (type pdf)

<use Wakefields_and_Impedances/figures/low_q_10_resonance_beam_harmonics.pdf>
Package pdftex.def Info: Wakefields_and_Impedances/figures/low_q_10_resonance_b
eam_harmonics.pdf used on input line 182.
(pdftex.def)             Requested size: 277.82788pt x 208.3668pt.


LaTeX Warning: Reference `eqn:heating-gen' on page 37 undefined on input line 1
97.

[37 <E:/GitHub/thesis/Wakefields_and_Impedances/figures/beam_spectra_power_12ns
.pdf>]
Overfull \hbox (76.73761pt too wide) detected at line 206
[] \OT1/cmr/m/n/12 = [] \OML/cmm/m/it/12 :
 []


<Wakefields_and_Impedances/figures/high_q_1000_resonance_beam_harmonics.pdf, id
=610, 578.16pt x 433.62pt>
File: Wakefields_and_Impedances/figures/high_q_1000_resonance_beam_harmonics.pd
f Graphic file (type pdf)

<use Wakefields_and_Impedances/figures/high_q_1000_resonance_beam_harmonics.pdf
>
Package pdftex.def Info: Wakefields_and_Impedances/figures/high_q_1000_resonanc
e_beam_harmonics.pdf used on input line 210.
(pdftex.def)             Requested size: 277.82788pt x 208.3668pt.


LaTeX Warning: Reference `eqn:heating-gen' on page 38 undefined on input line 2
16.

[38 <E:/GitHub/thesis/Wakefields_and_Impedances/figures/low_q_10_resonance_beam
_harmonics.pdf>] [39 <E:/GitHub/thesis/Wakefields_and_Impedances/figures/high_q
_1000_resonance_beam_harmonics.pdf>]
<Wakefields_and_Impedances/figures/heating_narrowband_gauss_bunch_length.pdf, i
d=721, 578.16pt x 433.62pt>
File: Wakefields_and_Impedances/figures/heating_narrowband_gauss_bunch_length.p
df Graphic file (type pdf)

<use Wakefields_and_Impedances/figures/heating_narrowband_gauss_bunch_length.pd
f>
Package pdftex.def Info: Wakefields_and_Impedances/figures/heating_narrowband_g
auss_bunch_length.pdf used on input line 248.
(pdftex.def)             Requested size: 341.94652pt x 256.45554pt.


LaTeX Warning: Reference `fig:bunch_length_heat_narrow_cos' on page 40 undefine
d on input line 254.

[40] [41 <E:/GitHub/thesis/Wakefields_and_Impedances/figures/heating_narrowband
_gauss_bunch_length.pdf>]
<Wakefields_and_Impedances/figures/heating_narrowband_gausscos_bunch_length.pdf
, id=762, 578.16pt x 433.62pt>
File: Wakefields_and_Impedances/figures/heating_narrowband_gausscos_bunch_lengt
h.pdf Graphic file (type pdf)

<use Wakefields_and_Impedances/figures/heating_narrowband_gausscos_bunch_length
.pdf>
Package pdftex.def Info: Wakefields_and_Impedances/figures/heating_narrowband_g
ausscos_bunch_length.pdf used on input line 261.
(pdftex.def)             Requested size: 213.71576pt x 160.2847pt.

<Wakefields_and_Impedances/figures/impedance_and_power_cos_res.pdf, id=763, 578
.16pt x 433.62pt>
File: Wakefields_and_Impedances/figures/impedance_and_power_cos_res.pdf Graphic
 file (type pdf)

<use Wakefields_and_Impedances/figures/impedance_and_power_cos_res.pdf>
Package pdftex.def Info: Wakefields_and_Impedances/figures/impedance_and_power_
cos_res.pdf used on input line 265.
(pdftex.def)             Requested size: 213.71576pt x 160.2847pt.

Overfull \hbox (14.28001pt too wide) in paragraph at lines 261--266
[][] [] 
 []


<Wakefields_and_Impedances/figures/heating_broadband_gausscos_bunch_length.pdf,
 id=764, 578.16pt x 433.62pt>
File: Wakefields_and_Impedances/figures/heating_broadband_gausscos_bunch_length
.pdf Graphic file (type pdf)

<use Wakefields_and_Impedances/figures/heating_broadband_gausscos_bunch_length.
pdf>
Package pdftex.def Info: Wakefields_and_Impedances/figures/heating_broadband_ga
usscos_bunch_length.pdf used on input line 275.
(pdftex.def)             Requested size: 213.71576pt x 160.2847pt.

<Wakefields_and_Impedances/figures/impedance_and_power_cos_res_broad.pdf, id=76
5, 578.16pt x 433.62pt>
File: Wakefields_and_Impedances/figures/impedance_and_power_cos_res_broad.pdf G
raphic file (type pdf)

<use Wakefields_and_Impedances/figures/impedance_and_power_cos_res_broad.pdf>
Package pdftex.def Info: Wakefields_and_Impedances/figures/impedance_and_power_
cos_res_broad.pdf used on input line 279.
(pdftex.def)             Requested size: 213.71576pt x 160.2847pt.

Overfull \hbox (14.28001pt too wide) in paragraph at lines 275--280
[][] [] 
 []

[42 <E:/GitHub/thesis/Wakefields_and_Impedances/figures/heating_narrowband_gaus
scos_bunch_length.pdf> <E:/GitHub/thesis/Wakefields_and_Impedances/figures/impe
dance_and_power_cos_res.pdf>] [43 <E:/GitHub/thesis/Wakefields_and_Impedances/f
igures/heating_broadband_gausscos_bunch_length.pdf> <E:/GitHub/thesis/Wakefield
s_and_Impedances/figures/impedance_and_power_cos_res_broad.pdf>])
(E:\GitHub\thesis\Wakefields_and_Impedances/beam_instabilities.tex [44]
[45] [46]) [47]
Chapter 3.
(E:\GitHub\thesis\beam_based_impedance_measurements.tex [48

] [49] [50] [51])
[52]
Chapter 4.
(E:\GitHub\thesis\Bench_Top_Measurements/impedance_measurements.tex [53

]
[54] [55] [56] [57] [58] [59]

LaTeX Warning: Reference `fig:two_wire_measure' on page 60 undefined on input l
ine 206.


Underfull \hbox (badness 1342) in paragraph at lines 211--211
[]\T1/ptm/m/n/12 Figure 4.5: Mea-sure-ment setup for mea-sure-ments of the dipo
-lar beam cou-pling
 []


LaTeX Warning: Reference `chap:wake_imp' on page 60 undefined on input line 216
.

[60] [61]
Overfull \hbox (16.98785pt too wide) in paragraph at lines 273--273
[] 
 []


Overfull \hbox (44.08281pt too wide) in paragraph at lines 281--281
[] 
 []

[62] [63]
Overfull \hbox (60.97878pt too wide) in paragraph at lines 344--344
[] 
 []

[64] [65]

pdfTeX warning: pdflatex (file E:/GitHub/thesis/figures/cavity_beampipe.pdf): P
DF inclusion: found PDF version <1.5>, but at most version <1.4> allowed
<figures/cavity_beampipe.pdf, id=1038, 569.12625pt x 455.30101pt>
File: figures/cavity_beampipe.pdf Graphic file (type pdf)

<use figures/cavity_beampipe.pdf>
Package pdftex.def Info: figures/cavity_beampipe.pdf used on input line 386.
(pdftex.def)             Requested size: 213.71576pt x 170.97366pt.


pdfTeX warning: pdflatex (file E:/GitHub/thesis/figures/cavity_beampipe_coaxial
.pdf): PDF inclusion: found PDF version <1.5>, but at most version <1.4> allowe
d
<figures/cavity_beampipe_coaxial.pdf, id=1039, 711.37767pt x 455.30101pt>
File: figures/cavity_beampipe_coaxial.pdf Graphic file (type pdf)

<use figures/cavity_beampipe_coaxial.pdf>
Package pdftex.def Info: figures/cavity_beampipe_coaxial.pdf used on input line
 390.
(pdftex.def)             Requested size: 267.1447pt x 170.97366pt.

Overfull \hbox (67.70895pt too wide) in paragraph at lines 386--391
[][] [] 
 []

) [66 <E:/GitHub/thesis/figures/cavity_beampipe.pdf> <E:/GitHub/thesis/figures/
cavity_beampipe_coaxial.pdf>]
Chapter 5.
(E:\GitHub\thesis\Computational_Simulations/introduction.tex)
(E:\GitHub\thesis\Computational_Simulations/time_domain.tex [67

]

LaTeX Warning: Reference `fig:time_domain_beam' on page 68 undefined on input l
ine 21.


Overfull \hbox (8.09985pt too wide) in paragraph at lines 27--27
[]\T1/ptm/m/n/10 (a) 
 []


Overfull \hbox (8.65991pt too wide) in paragraph at lines 31--31
[]\T1/ptm/m/n/10 (b) 
 []


Overfull \hbox (8.09985pt too wide) in paragraph at lines 35--35
[]\T1/ptm/m/n/10 (c) 
 []


Overfull \hbox (8.65991pt too wide) in paragraph at lines 39--39
[]\T1/ptm/m/n/10 (d) 
 []


LaTeX Warning: Reference `fig:time_domain_beam' on page 68 undefined on input l
ine 42.

[68]) (E:\GitHub\thesis\Computational_Simulations/freq_domain.tex

LaTeX Warning: Reference `sec:sec:imp_geo_imp' on page 69 undefined on input li
ne 13.


LaTeX Warning: Reference `sec:ferrite_damping' on page 69 undefined on input li
ne 13.

[69]

LaTeX Warning: Reference `sec:coax_wire_meth' on page 70 undefined on input lin
e 23.

[70]) [71]
Chapter 6.

(E:\GitHub\thesis\Beam_Coupling_Impedance_Reduction_Techniques/introduction.tex
) (E:\GitHub\thesis\Beam_Coupling_Impedance_Reduction_Techniques/step_ins.tex
[72

]
Overfull \hbox (8.09985pt too wide) in paragraph at lines 12--12
[]\T1/ptm/m/n/10 (a) 
 []


Overfull \hbox (8.65991pt too wide) in paragraph at lines 16--16
[]\T1/ptm/m/n/10 (b) 
 []

)
(E:\GitHub\thesis\Beam_Coupling_Impedance_Reduction_Techniques/transitions.tex
Overfull \hbox (8.09985pt too wide) in paragraph at lines 10--10
[]\T1/ptm/m/n/10 (a) 
 []


Overfull \hbox (8.65991pt too wide) in paragraph at lines 14--14
[]\T1/ptm/m/n/10 (b) 
 []

[73]
Overfull \hbox (8.09985pt too wide) in paragraph at lines 28--28
[]\T1/ptm/m/n/10 (a) 
 []


Overfull \hbox (8.65991pt too wide) in paragraph at lines 32--32
[]\T1/ptm/m/n/10 (b) 
 []


Overfull \hbox (8.09985pt too wide) in paragraph at lines 37--37
[]\T1/ptm/m/n/10 (c) 
 []

)
(E:\GitHub\thesis\Beam_Coupling_Impedance_Reduction_Techniques/conductive_coati
ngs.tex [74]

LaTeX Warning: Reference `sec:phase_2_res_wall' on page 75 undefined on input l
ine 12.

)
(E:\GitHub\thesis\Beam_Coupling_Impedance_Reduction_Techniques/beam_screens.tex

Overfull \hbox (4.52844pt too wide) in paragraph at lines 8--9
\T1/ptm/m/n/12 of view, es-pe-cially con-tribut-ing a large imag-i-nary com-po-
nent to the lon-gi-tu-di-nal impedance
 []

[75]

LaTeX Warning: Reference `sec:mki_studies' on page 76 undefined on input line 1
0.

) (E:\GitHub\thesis\Beam_Coupling_Impedance_Reduction_Techniques/serigraphy.tex
[76]
Overfull \hbox (8.09985pt too wide) in paragraph at lines 13--13
[]\T1/ptm/m/n/10 (a) 
 []


Overfull \hbox (8.65991pt too wide) in paragraph at lines 17--17
[]\T1/ptm/m/n/10 (b) 
 []


Overfull \hbox (8.09985pt too wide) in paragraph at lines 21--21
[]\T1/ptm/m/n/10 (c) 
 []

)
(E:\GitHub\thesis\Beam_Coupling_Impedance_Reduction_Techniques/damping_material
s.tex [77] [78]

LaTeX Warning: Reference `sec:tctp' on page 79 undefined on input line 33.



pdfTeX warning: pdflatex (file E:/GitHub/thesis/Beam_Coupling_Impedance_Reducti
on_Techniques/figures/pillbox_cavity_ferr.pdf): PDF inclusion: found PDF versio
n <1.5>, but at most version <1.4> allowed

<Beam_Coupling_Impedance_Reduction_Techniques/figures/pillbox_cavity_ferr.pdf, 
id=1095, 569.12625pt x 341.47577pt>
File: Beam_Coupling_Impedance_Reduction_Techniques/figures/pillbox_cavity_ferr.
pdf Graphic file (type pdf)

<use Beam_Coupling_Impedance_Reduction_Techniques/figures/pillbox_cavity_ferr.p
df>
Package pdftex.def Info: Beam_Coupling_Impedance_Reduction_Techniques/figures/p
illbox_cavity_ferr.pdf used on input line 41.
(pdftex.def)             Requested size: 192.34288pt x 115.40723pt.


pdfTeX warning: pdflatex (file E:/GitHub/thesis/Beam_Coupling_Impedance_Reducti
on_Techniques/figures/pillbox_cavity_shielded_ferr.pdf): PDF inclusion: found P
DF version <1.5>, but at most version <1.4> allowed

<Beam_Coupling_Impedance_Reduction_Techniques/figures/pillbox_cavity_shielded_f
err.pdf, id=1096, 569.12625pt x 341.47577pt>
File: Beam_Coupling_Impedance_Reduction_Techniques/figures/pillbox_cavity_shiel
ded_ferr.pdf Graphic file (type pdf)

<use Beam_Coupling_Impedance_Reduction_Techniques/figures/pillbox_cavity_shield
ed_ferr.pdf>
Package pdftex.def Info: Beam_Coupling_Impedance_Reduction_Techniques/figures/p
illbox_cavity_shielded_ferr.pdf used on input line 45.
(pdftex.def)             Requested size: 192.34288pt x 115.40723pt.
 [79] [80 <E:/GitHub/thesis/Beam_Coupling_Impedance_Reduction_Techniques/figure
s/pillbox_cavity_ferr.pdf> <E:/GitHub/thesis/Beam_Coupling_Impedance_Reduction_
Techniques/figures/pillbox_cavity_shielded_ferr.pdf>]

LaTeX Warning: Reference `fig:wall_losses' on page 81 undefined on input line 8
2.

[81]

LaTeX Warning: Reference `app:ferr_losses' on page 82 undefined on input line 1
13.

[82]
<Beam_Coupling_Impedance_Reduction_Techniques/figures/no_screen_long_imp_all.pd
f, id=1126, 726.31348pt x 528.47438pt>
File: Beam_Coupling_Impedance_Reduction_Techniques/figures/no_screen_long_imp_a
ll.pdf Graphic file (type pdf)

<use Beam_Coupling_Impedance_Reduction_Techniques/figures/no_screen_long_imp_al
l.pdf>
Package pdftex.def Info: Beam_Coupling_Impedance_Reduction_Techniques/figures/n
o_screen_long_imp_all.pdf used on input line 117.
(pdftex.def)             Requested size: 299.20076pt x 217.70807pt.

<Beam_Coupling_Impedance_Reduction_Techniques/figures/no_screen_loss_tan_vs_q.p
df, id=1127, 603.45451pt x 452.59087pt>
File: Beam_Coupling_Impedance_Reduction_Techniques/figures/no_screen_loss_tan_v
s_q.pdf Graphic file (type pdf)

<use Beam_Coupling_Impedance_Reduction_Techniques/figures/no_screen_loss_tan_vs
_q.pdf>
Package pdftex.def Info: Beam_Coupling_Impedance_Reduction_Techniques/figures/n
o_screen_loss_tan_vs_q.pdf used on input line 127.
(pdftex.def)             Requested size: 192.34288pt x 144.25883pt.

<Beam_Coupling_Impedance_Reduction_Techniques/figures/no_screen_q_vs_loss_ferr.
pdf, id=1128, 578.16pt x 433.62pt>
File: Beam_Coupling_Impedance_Reduction_Techniques/figures/no_screen_q_vs_loss_
ferr.pdf Graphic file (type pdf)

<use Beam_Coupling_Impedance_Reduction_Techniques/figures/no_screen_q_vs_loss_f
err.pdf>
Package pdftex.def Info: Beam_Coupling_Impedance_Reduction_Techniques/figures/n
o_screen_q_vs_loss_ferr.pdf used on input line 131.
(pdftex.def)             Requested size: 192.34288pt x 144.25293pt.

<Beam_Coupling_Impedance_Reduction_Techniques/figures/no_screen_loss_tan_vs_pow
er.pdf, id=1129, 578.16pt x 433.62pt>
File: Beam_Coupling_Impedance_Reduction_Techniques/figures/no_screen_loss_tan_v
s_power.pdf Graphic file (type pdf)

<use Beam_Coupling_Impedance_Reduction_Techniques/figures/no_screen_loss_tan_vs
_power.pdf>
Package pdftex.def Info: Beam_Coupling_Impedance_Reduction_Techniques/figures/n
o_screen_loss_tan_vs_power.pdf used on input line 138.
(pdftex.def)             Requested size: 299.20076pt x 224.39859pt.

Overfull \hbox (1.64558pt too wide) in paragraph at lines 144--145
[]\T1/ptm/m/n/12 For the case of the shielded fer-rite, the real com-po-nent of
 the beam cou-pling impedance
 []

[83 <E:/GitHub/thesis/Beam_Coupling_Impedance_Reduction_Techniques/figures/no_s
creen_long_imp_all.pdf>] [84 <E:/GitHub/thesis/Beam_Coupling_Impedance_Reductio
n_Techniques/figures/no_screen_loss_tan_vs_q.pdf> <E:/GitHub/thesis/Beam_Coupli
ng_Impedance_Reduction_Techniques/figures/no_screen_q_vs_loss_ferr.pdf> <E:/Git
Hub/thesis/Beam_Coupling_Impedance_Reduction_Techniques/figures/no_screen_loss_
tan_vs_power.pdf>]
<Beam_Coupling_Impedance_Reduction_Techniques/figures/screen_long_imp_all.pdf, 
id=1293, 578.16pt x 433.62pt>
File: Beam_Coupling_Impedance_Reduction_Techniques/figures/screen_long_imp_all.
pdf Graphic file (type pdf)

<use Beam_Coupling_Impedance_Reduction_Techniques/figures/screen_long_imp_all.p
df>
Package pdftex.def Info: Beam_Coupling_Impedance_Reduction_Techniques/figures/s
creen_long_imp_all.pdf used on input line 150.
(pdftex.def)             Requested size: 299.20076pt x 224.39859pt.

<Beam_Coupling_Impedance_Reduction_Techniques/figures/screen_loss_tan_vs_q.pdf,
 id=1294, 578.16pt x 433.62pt>
File: Beam_Coupling_Impedance_Reduction_Techniques/figures/screen_loss_tan_vs_q
.pdf Graphic file (type pdf)

<use Beam_Coupling_Impedance_Reduction_Techniques/figures/screen_loss_tan_vs_q.
pdf>
Package pdftex.def Info: Beam_Coupling_Impedance_Reduction_Techniques/figures/s
creen_loss_tan_vs_q.pdf used on input line 161.
(pdftex.def)             Requested size: 192.34288pt x 144.25293pt.

<Beam_Coupling_Impedance_Reduction_Techniques/figures/screen_q_vs_loss_ferr.pdf
, id=1295, 578.16pt x 433.62pt>
File: Beam_Coupling_Impedance_Reduction_Techniques/figures/screen_q_vs_loss_fer
r.pdf Graphic file (type pdf)

<use Beam_Coupling_Impedance_Reduction_Techniques/figures/screen_q_vs_loss_ferr
.pdf>
Package pdftex.def Info: Beam_Coupling_Impedance_Reduction_Techniques/figures/s
creen_q_vs_loss_ferr.pdf used on input line 165.
(pdftex.def)             Requested size: 192.34288pt x 144.25293pt.

<Beam_Coupling_Impedance_Reduction_Techniques/figures/screen_loss_tan_vs_power.
pdf, id=1296, 578.16pt x 433.62pt>
File: Beam_Coupling_Impedance_Reduction_Techniques/figures/screen_loss_tan_vs_p
ower.pdf Graphic file (type pdf)

<use Beam_Coupling_Impedance_Reduction_Techniques/figures/screen_loss_tan_vs_po
wer.pdf>
Package pdftex.def Info: Beam_Coupling_Impedance_Reduction_Techniques/figures/s
creen_loss_tan_vs_power.pdf used on input line 172.
(pdftex.def)             Requested size: 299.20076pt x 224.39859pt.
) [85 <E:/GitHub/thesis/Beam_Coupling_Impedance_Reduction_Techniques/figures/sc
reen_long_imp_all.pdf>] [86 <E:/GitHub/thesis/Beam_Coupling_Impedance_Reduction
_Techniques/figures/screen_loss_tan_vs_q.pdf> <E:/GitHub/thesis/Beam_Coupling_I
mpedance_Reduction_Techniques/figures/screen_q_vs_loss_ferr.pdf> <E:/GitHub/the
sis/Beam_Coupling_Impedance_Reduction_Techniques/figures/screen_loss_tan_vs_pow
er.pdf>] [87]
Chapter 7.
(E:\GitHub\thesis\LHC_Collimation_Upgrades/introduction.tex [88

]

LaTeX Warning: Reference `fig:phase-1-rf' on page 89 undefined on input line 25
.

[89]
Overfull \hbox (8.09985pt too wide) in paragraph at lines 30--30
[]\T1/ptm/m/n/10 (a) 
 []


Overfull \hbox (8.65991pt too wide) in paragraph at lines 33--33
[]\T1/ptm/m/n/10 (b) 
 []


LaTeX Warning: Reference `fig:rf-system-phase-2' on page 90 undefined on input 
line 42.


<LHC_Collimation_Upgrades/figures/cu-geo.png, id=1466, 721.94719pt x 570.63188p
t>
File: LHC_Collimation_Upgrades/figures/cu-geo.png Graphic file (type png)
 <use LHC_Collimation_Upgrades/figures/cu-geo.png>
Package pdftex.def Info: LHC_Collimation_Upgrades/figures/cu-geo.png used on in
put line 47.
(pdftex.def)             Requested size: 299.20076pt x 236.48566pt.
)
(E:\GitHub\thesis\LHC_Collimation_Upgrades/phase_2_jaw_material.tex [90]
[91 <E:/GitHub/thesis/LHC_Collimation_Upgrades/figures/cu-geo.png (PNG copy)>]

LaTeX Warning: Reference `fig:phase2-jaw-designs' on page 92 undefined on input
 line 16.


<LHC_Collimation_Upgrades/figures/mo-geo.png, id=1474, 302.63063pt x 376.40625p
t>
File: LHC_Collimation_Upgrades/figures/mo-geo.png Graphic file (type png)
 <use LHC_Collimation_Upgrades/figures/mo-geo.png>
Package pdftex.def Info: LHC_Collimation_Upgrades/figures/mo-geo.png used on in
put line 37.
(pdftex.def)             Requested size: 192.34288pt x 239.23355pt.

<LHC_Collimation_Upgrades/figures/mo-mocd-geo.png, id=1475, 298.86656pt x 362.1
0281pt>
File: LHC_Collimation_Upgrades/figures/mo-mocd-geo.png Graphic file (type png)
 <use LHC_Collimation_Upgrades/figures/mo-mocd-geo.png>
Package pdftex.def Info: LHC_Collimation_Upgrades/figures/mo-mocd-geo.png used 
on input line 41.
(pdftex.def)             Requested size: 192.34288pt x 233.04343pt.
 [92] [93 <E:/GitHub/thesis/LHC_Collimation_Upgrades/figures/mo-geo.png (PNG co
py)> <E:/GitHub/thesis/LHC_Collimation_Upgrades/figures/mo-mocd-geo.png (PNG co
py)>]

pdfTeX warning: pdflatex (file E:/GitHub/thesis/LHC_Collimation_Upgrades/figure
s/mounet-model.pdf): PDF inclusion: found PDF version <1.5>, but at most versio
n <1.4> allowed

<LHC_Collimation_Upgrades/figures/mounet-model.pdf, id=1482, 722.7pt x 369.9019
3pt>
File: LHC_Collimation_Upgrades/figures/mounet-model.pdf Graphic file (type pdf)

 <use LHC_Collimation_Upgrades/figures/mounet-model.pdf>
Package pdftex.def Info: LHC_Collimation_Upgrades/figures/mounet-model.pdf used
 on input line 54.
(pdftex.def)             Requested size: 363.31941pt x 185.96083pt.

<LHC_Collimation_Upgrades/figures/longitudinal.pdf, id=1483, 774.19237pt x 545.
63847pt>
File: LHC_Collimation_Upgrades/figures/longitudinal.pdf Graphic file (type pdf)

 <use LHC_Collimation_Upgrades/figures/longitudinal.pdf>
Package pdftex.def Info: LHC_Collimation_Upgrades/figures/longitudinal.pdf used
 on input line 64.
(pdftex.def)             Requested size: 213.71576pt x 150.62135pt.

<LHC_Collimation_Upgrades/figures/horizDipolar.pdf, id=1484, 757.02826pt x 487.
8225pt>
File: LHC_Collimation_Upgrades/figures/horizDipolar.pdf Graphic file (type pdf)

 <use LHC_Collimation_Upgrades/figures/horizDipolar.pdf>
Package pdftex.def Info: LHC_Collimation_Upgrades/figures/horizDipolar.pdf used
 on input line 68.
(pdftex.def)             Requested size: 213.71576pt x 137.71333pt.

<LHC_Collimation_Upgrades/figures/vertDipolar.pdf, id=1485, 754.31813pt x 526.6
6763pt>
File: LHC_Collimation_Upgrades/figures/vertDipolar.pdf Graphic file (type pdf)
 <use LHC_Collimation_Upgrades/figures/vertDipolar.pdf>
Package pdftex.def Info: LHC_Collimation_Upgrades/figures/vertDipolar.pdf used 
on input line 72.
(pdftex.def)             Requested size: 213.71576pt x 149.21783pt.

<LHC_Collimation_Upgrades/figures/horizQuadrupolar.pdf, id=1486, 701.01903pt x 
472.46513pt>
File: LHC_Collimation_Upgrades/figures/horizQuadrupolar.pdf Graphic file (type 
pdf)
 <use LHC_Collimation_Upgrades/figures/horizQuadrupolar.pdf>
Package pdftex.def Info: LHC_Collimation_Upgrades/figures/horizQuadrupolar.pdf 
used on input line 76.
(pdftex.def)             Requested size: 213.71576pt x 144.03316pt.

<LHC_Collimation_Upgrades/figures/vertQuadrupolar.pdf, id=1487, 671.20764pt x 4
85.11237pt>
File: LHC_Collimation_Upgrades/figures/vertQuadrupolar.pdf Graphic file (type p
df)
 <use LHC_Collimation_Upgrades/figures/vertQuadrupolar.pdf>
Package pdftex.def Info: LHC_Collimation_Upgrades/figures/vertQuadrupolar.pdf u
sed on input line 80.
(pdftex.def)             Requested size: 192.34288pt x 139.01347pt.

Overfull \hbox (14.28001pt too wide) in paragraph at lines 64--82
[][] []
 []


Overfull \hbox (14.28001pt too wide) in paragraph at lines 64--82
[] []
 []


LaTeX Warning: Reference ` fig:phase-2-vertquad' on page 1 undefined on input l
ine 85.


LaTeX Warning: Reference ` fig:phase-2-horzquad' on page 1 undefined on input l
ine 85.


LaTeX Warning: Reference ` fig:phase-2-vertdip' on page 1 undefined on input li
ne 85.

[94 <E:/GitHub/thesis/LHC_Collimation_Upgrades/figures/mounet-model.pdf>]
[95 <E:/GitHub/thesis/LHC_Collimation_Upgrades/figures/longitudinal.pdf> <E:/Gi
tHub/thesis/LHC_Collimation_Upgrades/figures/horizDipolar.pdf> <E:/GitHub/thesi
s/LHC_Collimation_Upgrades/figures/vertDipolar.pdf> <E:/GitHub/thesis/LHC_Colli
mation_Upgrades/figures/horizQuadrupolar.pdf> <E:/GitHub/thesis/LHC_Collimation
_Upgrades/figures/vertQuadrupolar.pdf>]
<LHC_Collimation_Upgrades/figures/vertDipolarZoom.pdf, id=1887, 578.16pt x 433.
62pt>
File: LHC_Collimation_Upgrades/figures/vertDipolarZoom.pdf Graphic file (type p
df)
 <use LHC_Collimation_Upgrades/figures/vertDipolarZoom.pdf>
Package pdftex.def Info: LHC_Collimation_Upgrades/figures/vertDipolarZoom.pdf u
sed on input line 91.
(pdftex.def)             Requested size: 299.20076pt x 224.39859pt.
)
(E:\GitHub\thesis\LHC_Collimation_Upgrades/tctp_collimator/introduction.tex
[96 <E:/GitHub/thesis/LHC_Collimation_Upgrades/figures/vertDipolarZoom.pdf>]
Overfull \hbox (174.13556pt too wide) in paragraph at lines 17--22
 [] 
 []

)
(E:\GitHub\thesis\LHC_Collimation_Upgrades/tctp_collimator/impedance_simulation
_results.tex)
(E:\GitHub\thesis\LHC_Collimation_Upgrades/tctp_collimator/transverse_impedance
_concerns.tex)
(E:\GitHub\thesis\LHC_Collimation_Upgrades/tctp_collimator/beam_induced_heating
.tex) [97] [98]
Chapter 8.
(E:\GitHub\thesis\LHC_MKI/introduction.tex)
(E:\GitHub\thesis\LHC_MKI/observations_during_operation.tex)
(E:\GitHub\thesis\LHC_MKI/comparisons_15_simulations_measurements.tex [99

]
[100] [101]) (E:\GitHub\thesis\LHC_MKI/impedance_behaviour_components.tex
[102])
(E:\GitHub\thesis\LHC_MKI/considerations_besides_impedance_for_new_designs.tex
[103] [104]) (E:\GitHub\thesis\LHC_MKI/new_beam_screen_designs.tex [105])
(E:\GitHub\thesis\LHC_MKI/measurements_observation_19_screen_conductors.tex
[106] [107] [108] [109]) (E:\GitHub\thesis\LHC_MKI/plans_after_ls1.tex [110]
[111] [112]) [113]
Chapter 9.
(E:\GitHub\thesis\thesis.bbl [114

]

LaTeX Warning: Empty `thebibliography' environment on input line 24.

) [115

] (E:\GitHub\thesis\thesis.aux
! Missing \endcsname inserted.
<to be read again> 
                   \global 
l.440 ...:p\"A\IeC {\textyen }ase-1-rf}{{7.1}{90}}
                                                  
? 
! Extra \endcsname.
\@newl@bel ...dafter \ifx \csname #1@#2\endcsname 
                                                  \reserved@a \else \@tempsw...
l.440 ...:p\"A\IeC {\textyen }ase-1-rf}{{7.1}{90}}
                                                  
? 
! Missing \endcsname inserted.
<to be read again> 
                   \global 
l.441 ...se-1-rf}{{[subfigure][2][7,1]7.1(b)}{90}}
                                                  
? 
! Extra \endcsname.
\@newl@bel ...dafter \ifx \csname #1@#2\endcsname 
                                                  \reserved@a \else \@tempsw...
l.441 ...se-1-rf}{{[subfigure][2][7,1]7.1(b)}{90}}
                                                  
? 
)

LaTeX Warning: There were undefined references.


LaTeX Warning: There were multiply-defined labels.

 )
(\end occurred when \ifx on line 441 was incomplete)
(\end occurred when \ifx on line 441 was incomplete)
(\end occurred when \ifx on line 440 was incomplete)
(\end occurred when \ifx on line 440 was incomplete) 
Here is how much of TeX's memory you used:
 4929 strings out of 495269
 93660 string characters out of 3179651
 177091 words of memory out of 3000000
 7909 multiletter control sequences out of 15000+200000
 47319 words of font info for 70 fonts, out of 3000000 for 9000
 14 hyphenation exceptions out of 8191
 28i,13n,24p,1936b,312s stack positions out of 5000i,500n,10000p,200000b,50000s
{C:/Program Files (x86)/MiK
TeX 2.8/fonts/enc/dvips/fontname/8r.enc} <C:\Users\hday\AppData\Local\MiKTeX\2.
8\fonts\pk\ljfour\jknappen\ec\dpi600\ecrm1200.pk><C:/Program Files (x86)/MiKTeX
 2.8/fonts/type1/public/amsfonts/cm/cmbx12.pfb><C:/Program Files (x86)/MiKTeX 2
.8/fonts/type1/public/amsfonts/cm/cmbx8.pfb><C:/Program Files (x86)/MiKTeX 2.8/
fonts/type1/public/amsfonts/cm/cmex10.pfb><C:/Program Files (x86)/MiKTeX 2.8/fo
nts/type1/public/amsfonts/cm/cmmi12.pfb><C:/Program Files (x86)/MiKTeX 2.8/font
s/type1/public/amsfonts/cm/cmmi6.pfb><C:/Program Files (x86)/MiKTeX 2.8/fonts/t
ype1/public/amsfonts/cm/cmmi8.pfb><C:/Program Files (x86)/MiKTeX 2.8/fonts/type
1/public/amsfonts/cm/cmr12.pfb><C:/Program Files (x86)/MiKTeX 2.8/fonts/type1/p
ublic/amsfonts/cm/cmr6.pfb><C:/Program Files (x86)/MiKTeX 2.8/fonts/type1/publi
c/amsfonts/cm/cmr8.pfb><C:/Program Files (x86)/MiKTeX 2.8/fonts/type1/public/am
sfonts/cm/cmsy10.pfb><C:/Program Files (x86)/MiKTeX 2.8/fonts/type1/public/amsf
onts/cm/cmsy6.pfb><C:/Program Files (x86)/MiKTeX 2.8/fonts/type1/public/amsfont
s/cm/cmsy8.pfb><C:/Program Files (x86)/MiKTeX 2.8/fonts/type1/urw/palatino/uplb
8a.pfb><C:/Program Files (x86)/MiKTeX 2.8/fonts/type1/urw/times/utmb8a.pfb><C:/
Program Files (x86)/MiKTeX 2.8/fonts/type1/urw/times/utmr8a.pfb><C:/Program Fil
es (x86)/MiKTeX 2.8/fonts/type1/urw/times/utmri8a.pfb>
Output written on thesis.pdf (115 pages, 2020719 bytes).
PDF statistics:
 2089 PDF objects out of 2487 (max. 8388607)
 0 named destinations out of 1000 (max. 500000)
 191 words of extra memory for PDF output out of 10000 (max. 10000000)

