This is pdfTeX, Version 3.1415926-1.40.10 (MiKTeX 2.8) (preloaded format=pdflatex 2011.1.19)  3 SEP 2012 13:46
entering extended mode
**E:/PhD/1st_Year_09-10/Reports/Thesis/Wakefields_and_Impedances/wakefields.tex

(E:/PhD/1st_Year_09-10/Reports/Thesis/Wakefields_and_Impedances/wakefields.tex
LaTeX2e <2009/09/24>
Babel <v3.8l> and hyphenation patterns for english, dumylang, nohyphenation, ge
rman, ngerman, german-x-2009-06-19, ngerman-x-2009-06-19, french, loaded.
! Undefined control sequence.
l.1 \section
            {Wakefields}
? 
! Emergency stop.
l.1 \section
            {Wakefields}
End of file on the terminal!

 
Here is how much of TeX's memory you used:
 7 strings out of 495269
 291 string characters out of 3179651
 45037 words of memory out of 3000000
 3322 multiletter control sequences out of 15000+200000
 3640 words of font info for 14 fonts, out of 3000000 for 9000
 14 hyphenation exceptions out of 8191
 5i,0n,1p,101b,8s stack positions out of 5000i,500n,10000p,200000b,50000s
!  ==> Fatal error occurred, no output PDF file produced!
