This is pdfeTeX, Version 3.141592-1.20a-2.2 (Web2C 7.5.3) (format=pdflatex 2004.12.21)  29 JUN 2006 16:52
entering extended mode
\write18 enabled.
**Higgs.tex
(./Higgs.tex
LaTeX2e <2003/12/01>
Babel <v3.8c> and hyphenation patterns for american, french, german, ngerman, d
utch, italian, norsk, portuges, spanish, swedish, nohyphenation, loaded.
! Undefined control sequence.
l.1 \section
            {Central Exclusive $H \rightarrow b\bar{b}$ at ATLAS}
? x
 
Here is how much of TeX's memory you used:
 5 strings out of 95217
 110 string characters out of 1184537
 2045165 words of memory out of 4500000
 3211 multiletter control sequences out of 10000+50000
 3640 words of font info for 14 fonts, out of 2000000 for 2000
 58 hyphenation exceptions out of 1000
 5i,0n,1p,75b,8s stack positions out of 1500i,500n,5000p,200000b,5000s
 0 PDF objects out of 300000
 0 named destinations out of 131072
 1 words of extra memory for PDF output out of 65536
No pages of output.
